[INFO] [1736933839.725653403] [loopHandler]: Loop Handler initialized
[INFO] [1736933839.749936132] [sensorHandler]: Sensor Handler initialized
[INFO] [1736933840.719205251] [loopHandler]: Step 0
[INFO] [1736933840.719831209] [loopHandler]: State: [ 0.22631   -0.9885721 -3.14       0.       ]
[INFO] [1736933840.720309588] [loopHandler]: Obstacles: (array([[-0.94740403, -0.3177881 ,  0.        ,  0.        ],
       [-1.16059858, -1.13419106,  0.        ,  0.        ]]), array([0.10696299, 0.10223895]))
[INFO] [1736933840.720674855] [loopHandler]: RANDOM: (3, (3958511376, 1728884767, 3530014549, 1874598131, 1297604285, 3189044298, 376023332, 2244020809, 3271555008, 3938425417, 942875729, 2188952732, 1356764512, 423001684, 917309245, 2404147773, 3484871307, 4126326998, 4236310898, 3499631735, 1998580420, 164792726, 2680709756, 1073716512, 2315447074, 380659583, 1637306999, 3571681466, 799010063, 3410506308, 499746731, 1854979408, 2591566812, 1867843584, 337548813, 2747385901, 391837285, 1059028223, 3342860394, 1537829336, 25508328, 1595757154, 283064763, 4143772556, 71404267, 820526993, 199924685, 661988245, 1964294419, 3063525291, 613799459, 1241027868, 3167663444, 1392197858, 3368586619, 556887780, 1616049972, 1185991312, 291329719, 749958836, 1178814903, 2864892797, 523346705, 1821089620, 1929545330, 3308751041, 1153989551, 568915339, 2684961831, 245833593, 1698471124, 3998010593, 3348026431, 2241296929, 2408226118, 3563190613, 3537015092, 1538643402, 2233247960, 128652538, 1305823141, 2428269139, 3164522661, 2122449184, 753843873, 3657661528, 2624449675, 3907334406, 1253717055, 1784877926, 4060461419, 3585983598, 1211373055, 2580793386, 2613021492, 2715913925, 1724274906, 3949141812, 3776938788, 2746418998, 532151984, 2989500962, 3676698199, 2840799702, 1970041219, 3369534130, 1223268431, 2161495756, 154687499, 1992609788, 2437343037, 1096477939, 1604810442, 2289156714, 2851135656, 3218529014, 168162491, 3269865944, 338952518, 347142415, 961598766, 113651183, 3561659516, 164386790, 3524732294, 228981521, 3747099414, 3060505429, 1340261203, 983642167, 1362709644, 2593094593, 852880044, 2554512016, 2034182005, 2402692457, 92476135, 2964647172, 4245419837, 878925607, 1044856117, 1375363735, 341831510, 2699313686, 4183243338, 1299351322, 2911547841, 1049329181, 2137002828, 201890011, 115457760, 1837191704, 2579712491, 626136602, 1720473680, 361376812, 912274954, 1801593262, 2551064296, 3766478434, 2726530989, 1974966353, 1098335389, 2852235331, 1063494977, 1122768806, 2833736030, 615294898, 2459301917, 3619240870, 288026672, 1758468730, 405263679, 3361875987, 3518137066, 3886755760, 3436524481, 403777906, 471069070, 1361688298, 3256813505, 3494257011, 363526195, 1374929305, 2887376025, 3918563898, 43559613, 559284983, 1273389740, 1220922893, 2603212137, 3010504501, 1756205202, 2646893098, 158023596, 2274958718, 2027349676, 2883968916, 3569824205, 3679608711, 1194220128, 3104831081, 2939842642, 3244269753, 2939245605, 3795414943, 2680954292, 613891438, 266268240, 880455359, 2777219381, 1814226010, 3093489795, 1792201987, 3213903733, 187775361, 2862114602, 3186723654, 1910346400, 3606740084, 2845652058, 2146963858, 2752831111, 3224692336, 3440969844, 2423264119, 1006392554, 1859344137, 3738688457, 924094914, 2359540944, 1247356616, 2450644470, 3710761735, 3283032040, 2832959392, 4097809178, 2441239838, 2614022265, 1657249005, 1140397941, 182843427, 1619115733, 2420808579, 1318080669, 2192777649, 2244579385, 2426443072, 2076699370, 3737220330, 777251200, 566299622, 3302164495, 2401018767, 2550653155, 945445758, 2708315451, 3944383277, 2936997153, 4084732294, 1759337017, 2074580543, 1134808514, 3640959984, 458218320, 2528699916, 2931233365, 3421710951, 3977326097, 3416125875, 3504903039, 1454892371, 3682025283, 2210917425, 536345984, 3223717897, 2203371549, 602689783, 2648282801, 2733725253, 435584003, 3844512211, 855538631, 2845269041, 2095335267, 3818465301, 2844446886, 4172327059, 1530193733, 1123763827, 2833017791, 1168266887, 3020211204, 1596256473, 3707741538, 726300041, 2775179748, 2730786011, 90942557, 3826078179, 3359006564, 3034168311, 2123197293, 2217096450, 1587805334, 1536811041, 1291188295, 3106732700, 4055098615, 183815287, 2143611079, 1944076409, 348458625, 741345166, 2554480922, 1428432148, 269070979, 2422837178, 2319103667, 1587595045, 2292051900, 2526595285, 4110275760, 3331704013, 1716857115, 2417696518, 4198223916, 2553083637, 2792455371, 3934942056, 740287501, 1811335362, 3640768813, 1458522873, 2202451132, 3086981021, 79400767, 1622078699, 1435841877, 1893396366, 4221851814, 3442672308, 755769030, 1793709418, 737167983, 3444511498, 383714087, 3674310728, 4234221978, 1190961723, 96933855, 1370815971, 4063417928, 858742777, 1971943479, 1742786666, 1059758589, 1021256776, 1917025270, 1474026054, 620583387, 3961986174, 2458324575, 1479195311, 2932693142, 2497025008, 3135764655, 97892772, 3721974437, 376478429, 1867818755, 2662485077, 116317941, 543171345, 156137578, 3156070685, 3069599030, 723863896, 3224647593, 3711932571, 4252877221, 3144022120, 3078280145, 606065300, 2620592804, 3640202932, 2402513542, 2981573993, 2963564260, 732114942, 1387689529, 2270086777, 1077947606, 1407482329, 601873556, 1469382977, 1805702393, 212817959, 3545278049, 2192268549, 3852999774, 101592174, 1617274991, 3489116421, 1352745382, 4146051880, 847108778, 1298094887, 3770894094, 1812414761, 3967448948, 2611317458, 1705804011, 2061705434, 3623185076, 1762561840, 2401308160, 2788775170, 3407034079, 3667185781, 2759627594, 3011710432, 3846655822, 2760636450, 4276542984, 982354197, 3290564982, 650128486, 4240439158, 2459570173, 2129796301, 439170111, 2925022218, 3545845120, 4259897661, 2455859612, 738174129, 148342995, 2629876650, 2372884381, 876644342, 3375842637, 229300327, 2849216413, 3522194516, 1047138659, 2241644137, 1545372004, 4258290587, 1061360380, 1347023839, 887142038, 2078956396, 3150433300, 1888245278, 1720504921, 3633033880, 2277547713, 2065626165, 3479018688, 3353280929, 1561511220, 267710713, 3548311642, 3851759991, 739457816, 4261757966, 8522647, 2047793629, 4059399632, 2080674442, 2526514732, 1458845048, 4123590732, 293264051, 470903929, 1388463491, 1887848466, 3637896657, 203939559, 2540000971, 2842693293, 1684455910, 225450121, 2693040658, 3745698030, 2216461962, 1098540759, 465257748, 907399135, 3670324457, 3443442300, 1823218656, 1816334297, 2031190310, 3863193330, 63856043, 1085866606, 617966889, 2856665557, 944273076, 3484171157, 4209154559, 1573680927, 560959805, 1453398751, 492026599, 2998371562, 731820149, 3089225077, 2069536801, 2831681104, 2712712282, 3906092524, 1791030163, 2843417093, 3312342070, 3587576685, 598303294, 2060298791, 3559584512, 2985061310, 608150891, 3360052043, 1099912566, 2334474847, 3579471455, 1673256908, 1383691344, 1196650698, 621901655, 3929070573, 175017485, 3871802823, 628176242, 3309760897, 1313539103, 4037781024, 3645049238, 3590380670, 1988066189, 851840480, 2578891009, 806408446, 2577490279, 656436477, 1967534300, 2935228647, 3277564005, 2842382931, 2946167717, 592508995, 1667562427, 1650384890, 2911884498, 3742156762, 200634605, 3552359928, 3098041163, 3231082321, 3539020648, 228500650, 710500222, 280441218, 3715141024, 4209730282, 3552874803, 3793935642, 1002342889, 3452059806, 1878241364, 1359427906, 3883764775, 1273249182, 455009416, 34294093, 2260722323, 1764370227, 1240188655, 77757965, 698667935, 3366360251, 2244949572, 3641263412, 2529382437, 4086376940, 664993806, 937280536, 1754161420, 2566903051, 703746293, 3934254030, 2786560875, 915336402, 741158766, 4200725835, 1711873757, 1323388916, 3728126068, 3410206199, 710269555, 4009886132, 1354691024, 871647540, 3136369914, 1959237856, 2665476918, 1250880833, 1950800750, 3268363262, 2141997498, 2400487976, 2875347190, 2362597441, 1614685762, 2011734659, 833496724, 3313731264, 113254625, 3518253918, 871671780, 2333360457, 3786298710, 509206385, 218), None)


[INFO] [1736933840.721741932] [loopHandler]: NP: ('MT19937', array([2443250962, 1093594115, 1878467924, 2709361018, 1101979660,
       3904844661,  676747479, 2085143622, 1056793272, 3812477442,
       2168787041,  275552121, 2696932952, 3432054210, 1657102335,
       3518946594,  962584079, 1051271004, 3806145045, 1414436097,
       2032348584, 1661738718, 1116708477, 2562755208, 3176189976,
        696824676, 2399811678, 3992505346,  569184356, 2626558620,
        136797809, 4273176064,  296167901, 3430730584,  331909803,
       1908676996, 1950065095,  604298543, 3615988338, 1570232852,
       1028209748, 1511467721, 2411887154, 4210753555, 3096762720,
        423429618,  659966766, 2937509307, 2222847265,  378636552,
       1142109618, 2509241601, 1521729757,  888533219,  250885260,
       2455816244, 4046047811, 1947467789, 1395351953, 2388948566,
        934627940,  194642258, 1429256273, 2139959677, 1543740405,
       1569613451, 4061840539, 2075690423,  824532376,  844152077,
       3218002536,  897315311,  823414659, 1007534698, 3139313867,
       2332794462, 3675156583,  722594429, 3715123011, 2656840676,
       2373277715, 1516144243, 1538161999, 1399719297, 1448820876,
       3180842436, 2020192709, 3279498509, 1048107540, 3094290376,
       3706920703, 3810051683, 4003871775, 1069557309,  151535004,
        667695756,  861767313, 1643171871, 3649507728, 3785763588,
        737899497, 2332908276, 4082123854, 1584539673, 3929877280,
       1046086041, 1304062606, 2311324008, 1190424879,  538647603,
       1728806718,  148948582,  659721465, 2351006009,  185647941,
       1825934330, 2126619619, 2230539295, 3878421575,  965937340,
       2835563987,  419858879, 1527311104, 2042333483, 2745134265,
       3540517373, 1100062165, 2308613697, 2690739856, 2048293545,
       2742876486, 2408502115,   53398423, 3089771461, 1398529613,
       2132477261,  504134301, 1535108421, 1968507173, 3412472770,
       4048517196, 3509143071,  857063211, 1429875570, 4120479871,
       2786574360, 2470799871, 1644104875, 2326863162, 2033900387,
        274888909, 2629973384, 1154405937, 1839988197, 2163830694,
        268733679, 2928953965,  387153042, 3790900490, 3202349717,
       3799209681, 2524871464, 3801447311, 3543081470, 1801633977,
       3870370950, 1581678156,  358283485, 4133385582, 4052311650,
        249498956, 1712028623, 3618329357, 3395106946, 2704820515,
         26653208, 2437509555, 4192186371, 3639946838, 2615917799,
        294624699,  463886267, 2477203673, 2514051526, 4162882381,
       2937629358, 3180524454, 1388392394, 2637132139, 1999482082,
       1870663339, 2852309250, 3489430700, 1116063402, 1673637188,
       1941955790, 4081919937, 2322920953, 3500518887, 2722575905,
        405031829, 3728964889, 3464559963,  665516555, 1626835870,
       2523729468,  238289561,  497556937, 2581429740, 3456619478,
       2601389837,  820426192,  268141532, 2654829421,  349692193,
       2426957585, 1465734488,   85095426, 1080895536, 2823366942,
        379322515, 2938986739, 1561328720, 2940081697,  607513620,
       2724557130, 2841377034,   14123440, 1085631349, 1977859413,
       1325586902, 1690398943, 2516154740, 4144373551,  555899232,
       1472707937, 3318086852,  719779833, 3545481907, 1384350857,
        191709822, 2924586997, 3905397527, 2528674757, 2377804096,
       2742818576, 4162971050, 1916415976, 2229076768,  132706400,
       1337415646,  251604474, 4168783505,  819499074, 1213291699,
       2098930479, 1009044052, 1060792037, 2169940733, 2973281031,
        636656529, 1946890813,  367099469, 4076624283,  338339529,
        561343735, 3309733580, 3895891229,  516195845, 3075613489,
       3076388119, 4088758753, 3895582245, 1192445752, 2923797073,
       2272605437, 2964193665,  943979628, 3263904824, 1852145108,
       1911050628, 1596880711,  479795791,  212699077, 2172697748,
       1764175804, 3951845064, 2182587171, 2396848133, 2718837214,
       2934177572, 3638054152,  914795167, 1028977354, 1744985339,
       1161407853, 2069746822, 3109934340, 3666150054,  729399111,
       2911998815,  152809615,  417267263, 1064343325, 2751707923,
       1833270972,  886939906, 4054231201, 1410366452,  976142646,
       1452795786, 1904234879, 4231894541, 1505392175, 3498767279,
        833704604, 2100592828,  688268099, 1752675602, 1975556664,
       2102210733,  698665709, 1232104968, 4051336323, 1740516649,
       3131721670, 3755143232, 3433756601,  138325540, 1566724819,
       3146312914, 3262098346, 1400757929, 3821885720,  356740291,
       4236900846, 3962771215, 3383537419, 3432281817, 3700484231,
       1124512300, 4040103150, 2152814065,  357241942, 3507144572,
       3156778000, 4029389048, 1495464238, 2710816120,  618937484,
        923913256, 3233161411, 3113338135, 2380534800, 2989134055,
        792458413, 2073679910, 2733527896, 1078384210, 2832175364,
        501385130, 1554930792, 2339252603,  535487294, 2983664186,
        924228889, 2127502206, 2847205678,  836935943, 1902192892,
       4094716961, 3296730761, 2307406435,  281523156,  728701372,
       3943302480,  183005637, 2660706047, 2320033913, 2011717602,
        219970222,  890345073, 2479236311,  653839655,   38538414,
       3266308455, 3726363269, 1256762826,  712114913, 3499059198,
       2847394904, 3246075282, 1299462737,  830090526,  369065487,
       3899451086, 1825910875, 2697294244, 2553197317, 2501134241,
        930821716, 2841281141, 3920808923, 3209045349, 3381621736,
       2145077949, 1958091404,  371971179, 3064957112, 3151429184,
       2833651995, 1089438243, 2146134351, 1426568997, 3528669710,
       1043897757, 3052263589, 3205925012, 4076215371, 2622476950,
       2385717100, 2179892838, 3820135605, 1574628644,  177604240,
       1712062317, 1192081671, 1107476027,  837376039, 2818244460,
       1382379731, 2749207910, 2644203474, 1508860349, 3006844699,
       3157252375, 3789683778, 1985542020, 2309789126, 1624089624,
       3660683301, 1432444043, 1172735898, 3271587635,  841387671,
       3614623669, 3002115850, 1078807738, 1095345284, 1707086713,
       4263485053,  445506874, 3148772337, 2716917408, 3836812085,
       1026228926,  491069724, 3983218285, 2410582206, 3821759029,
       3789305873, 1223256738, 1677180485, 1481771733, 1670286271,
       2852111711, 1628943665, 2289772949, 3483580787, 2129860019,
       3955695109,   28974017, 2289227173, 1725243773,  483357125,
        111587742,  347631238, 1805029491,  839978009,  339030914,
       2442782449, 1701726526, 1481742442, 3703534067, 3796147861,
        235078546, 3195450129, 1420184214,  998981944,  163541155,
       2087693215, 3827554748, 3003331872, 1967967170,  160190917,
        544473278, 3884602428, 4180513186, 1603446876, 2191744556,
       1938251010,  291242497, 1764195107, 4076051069, 3860380798,
        806452940, 2631256196,  949838208, 4096577802, 1519225265,
       2296800559, 1015848400, 2864792481,   88004533,  195132439,
        966918321, 1451347413, 2322994051, 3585658769, 1771598947,
       3308395968,  950148946, 3846061568,  564475171, 1345892193,
       2439581032, 2907206869, 1297626422, 3779454571,  818255727,
        705738065, 3915384184, 4133726754, 2724859327, 3773743817,
        326325901, 2766390048, 2562130418, 1885210076, 2622324981,
       1727396790, 1742653294, 3133131942, 3790857080,  197042473,
       2868410679, 1122976862, 2264474389, 3607393378,  744386048,
       3122128592, 1101489146, 4064675687, 2818166901, 2282076661,
        370818870, 3053423257, 2272652338, 4077081984, 4284213290,
       1728304803, 3902867896, 1643530236,  306212760,  144705843,
        498541197, 3103269575, 4116304893, 1646288275, 2110757680,
       4092919505, 3390929578, 1828116798, 1847914177, 1156754878,
       2985404552, 3970881126, 3035874635, 2189824678, 2637114092,
       2588332748, 3917818803, 3302695646, 1758418726, 1934759438,
       3871576937, 1360769189, 1051808374, 1881390541,  757367126,
       3253778407, 1685049720,  805311189,  934898036,   95682794,
       2052240235, 3475933669, 2213474191, 3341273357, 2443286051,
       4272536794,  696819230,  878775027, 3332634155, 3405126958,
       2824772573,   95284505, 3040640920, 2412859827, 2959515765,
       1764792340, 1504924482, 2116910326, 2293943003, 3199262907,
       1443740894, 3900566588,  343066614, 1927475335,  249220892,
       2920636502, 3593328327, 2648828502, 1678096082], dtype=uint32), 174, 0, 0.0)


[INFO] [1736933841.066380423] [loopHandler]: Time Elapsed: 0.34671449661254883
/home/ubuntu/.local/lib/python3.8/site-packages/numpy/core/fromnumeric.py:3464: RuntimeWarning: Mean of empty slice.
  return _methods._mean(a, axis=axis, dtype=dtype,
/home/ubuntu/.local/lib/python3.8/site-packages/numpy/core/_methods.py:192: RuntimeWarning: invalid value encountered in scalar divide
  ret = ret.dtype.type(ret / rcount)
/home/ubuntu/.local/lib/python3.8/site-packages/numpy/core/_methods.py:269: RuntimeWarning: Degrees of freedom <= 0 for slice
  ret = _var(a, axis=axis, dtype=dtype, out=out, ddof=ddof,
/home/ubuntu/.local/lib/python3.8/site-packages/numpy/core/_methods.py:226: RuntimeWarning: invalid value encountered in divide
  arrmean = um.true_divide(arrmean, div, out=arrmean,
/home/ubuntu/.local/lib/python3.8/site-packages/numpy/core/_methods.py:261: RuntimeWarning: invalid value encountered in scalar divide
  ret = ret.dtype.type(ret / rcount)
Average time:  nan
Std time:  nan
Traceback (most recent call last):
  File "/home/ubuntu/colcon_ws/src/mctsVoRos/mctsVoRos/loopHandler.py", line 223, in main
    executor.spin()
  File "/opt/ros/foxy/lib/python3.8/site-packages/rclpy/executors.py", line 290, in spin
    self.spin_once()
  File "/opt/ros/foxy/lib/python3.8/site-packages/rclpy/executors.py", line 719, in spin_once
    raise handler.exception()
  File "/opt/ros/foxy/lib/python3.8/site-packages/rclpy/task.py", line 239, in __call__
    self._handler.send(None)
  File "/opt/ros/foxy/lib/python3.8/site-packages/rclpy/executors.py", line 429, in handler
    await call_coroutine(entity, arg)
  File "/opt/ros/foxy/lib/python3.8/site-packages/rclpy/executors.py", line 343, in _execute_timer
    await await_or_execute(tmr.callback)
  File "/opt/ros/foxy/lib/python3.8/site-packages/rclpy/executors.py", line 118, in await_or_execute
    return callback(*args)
  File "/home/ubuntu/colcon_ws/src/mctsVoRos/mctsVoRos/loopHandler.py", line 184, in control_loop
    time.sleep(self.dt - t)
ValueError: sleep length must be non-negative

During handling of the above exception, another exception occurred:

Traceback (most recent call last):
  File "/home/ubuntu/colcon_ws/src/mctsVoRos/mctsVoRos/loopHandler.py", line 236, in <module>
    main()
  File "/home/ubuntu/colcon_ws/src/mctsVoRos/mctsVoRos/loopHandler.py", line 226, in main
    debug_plots_and_animations(loopHandler)
  File "/home/ubuntu/colcon_ws/src/mctsVoRos/mctsVoRos/debug_utils.py", line 38, in debug_plots_and_animations
    plot_times_rolling_mean(loopHandler.times)
  File "/home/ubuntu/colcon_ws/src/mctsVoRos/mctsVoRos/debug_utils.py", line 30, in plot_times_rolling_mean
    plt.plot(np.convolve(times, np.ones(WINDOW_SIZE)/WINDOW_SIZE, mode='valid'))
  File "<__array_function__ internals>", line 200, in convolve
  File "/home/ubuntu/.local/lib/python3.8/site-packages/numpy/core/numeric.py", line 850, in convolve
    raise ValueError('v cannot be empty')
ValueError: v cannot be empty
